<?xml version="1.0" encoding="UTF-8"?>
<robot generator="Robot 6.1.1 (Python 3.13.0 on darwin)" generated="20241118 12:01:44.328" rpa="false" schemaversion="4">
<suite id="s1" name="Tests" source="/Users/olliterava/kandivuosi/ohjtuo2/osa3/login-robot/src/tests">
<suite id="s1-s1" name="Login" source="/Users/olliterava/kandivuosi/ohjtuo2/osa3/login-robot/src/tests/login.robot">
<test id="s1-s1-t1" name="Login With Correct Credentials" line="6">
<kw name="Create User And Input Login Command" type="SETUP">
<kw name="Create User" library="AppLibrary">
<arg>kalle</arg>
<arg>kalle123</arg>
<status status="PASS" starttime="20241118 12:01:44.368" endtime="20241118 12:01:44.368"/>
</kw>
<kw name="Input Login Command" library="resource">
<kw name="Input" library="AppLibrary">
<arg>login</arg>
<status status="PASS" starttime="20241118 12:01:44.368" endtime="20241118 12:01:44.368"/>
</kw>
<status status="PASS" starttime="20241118 12:01:44.368" endtime="20241118 12:01:44.368"/>
</kw>
<status status="PASS" starttime="20241118 12:01:44.367" endtime="20241118 12:01:44.368"/>
</kw>
<kw name="Input Credentials" library="resource">
<arg>kalle</arg>
<arg>kalle123</arg>
<kw name="Input" library="AppLibrary">
<arg>${username}</arg>
<status status="PASS" starttime="20241118 12:01:44.368" endtime="20241118 12:01:44.368"/>
</kw>
<kw name="Input" library="AppLibrary">
<arg>${password}</arg>
<status status="PASS" starttime="20241118 12:01:44.368" endtime="20241118 12:01:44.369"/>
</kw>
<kw name="Run Application" library="AppLibrary">
<status status="PASS" starttime="20241118 12:01:44.369" endtime="20241118 12:01:44.369"/>
</kw>
<status status="PASS" starttime="20241118 12:01:44.368" endtime="20241118 12:01:44.369"/>
</kw>
<kw name="Output Should Contain" library="AppLibrary">
<arg>Logged in</arg>
<status status="PASS" starttime="20241118 12:01:44.369" endtime="20241118 12:01:44.369"/>
</kw>
<status status="PASS" starttime="20241118 12:01:44.367" endtime="20241118 12:01:44.369"/>
</test>
<test id="s1-s1-t2" name="Login With Incorrect Password" line="10">
<kw name="Create User And Input Login Command" type="SETUP">
<kw name="Create User" library="AppLibrary">
<arg>kalle</arg>
<arg>kalle123</arg>
<status status="PASS" starttime="20241118 12:01:44.369" endtime="20241118 12:01:44.369"/>
</kw>
<kw name="Input Login Command" library="resource">
<kw name="Input" library="AppLibrary">
<arg>login</arg>
<status status="PASS" starttime="20241118 12:01:44.369" endtime="20241118 12:01:44.369"/>
</kw>
<status status="PASS" starttime="20241118 12:01:44.369" endtime="20241118 12:01:44.369"/>
</kw>
<status status="PASS" starttime="20241118 12:01:44.369" endtime="20241118 12:01:44.369"/>
</kw>
<kw name="Input Credentials" library="resource">
<arg>kalle</arg>
<arg>lasd</arg>
<kw name="Input" library="AppLibrary">
<arg>${username}</arg>
<status status="PASS" starttime="20241118 12:01:44.370" endtime="20241118 12:01:44.370"/>
</kw>
<kw name="Input" library="AppLibrary">
<arg>${password}</arg>
<status status="PASS" starttime="20241118 12:01:44.370" endtime="20241118 12:01:44.370"/>
</kw>
<kw name="Run Application" library="AppLibrary">
<status status="PASS" starttime="20241118 12:01:44.370" endtime="20241118 12:01:44.370"/>
</kw>
<status status="PASS" starttime="20241118 12:01:44.369" endtime="20241118 12:01:44.370"/>
</kw>
<kw name="Input Login Command" library="resource">
<kw name="Input" library="AppLibrary">
<arg>login</arg>
<status status="PASS" starttime="20241118 12:01:44.370" endtime="20241118 12:01:44.370"/>
</kw>
<status status="PASS" starttime="20241118 12:01:44.370" endtime="20241118 12:01:44.370"/>
</kw>
<kw name="Output Should Contain" library="AppLibrary">
<arg>Invalid username or password</arg>
<status status="PASS" starttime="20241118 12:01:44.370" endtime="20241118 12:01:44.370"/>
</kw>
<status status="PASS" starttime="20241118 12:01:44.369" endtime="20241118 12:01:44.370"/>
</test>
<test id="s1-s1-t3" name="Login With Nonexistent Username" line="15">
<kw name="Create User And Input Login Command" type="SETUP">
<kw name="Create User" library="AppLibrary">
<arg>kalle</arg>
<arg>kalle123</arg>
<status status="PASS" starttime="20241118 12:01:44.370" endtime="20241118 12:01:44.370"/>
</kw>
<kw name="Input Login Command" library="resource">
<kw name="Input" library="AppLibrary">
<arg>login</arg>
<status status="PASS" starttime="20241118 12:01:44.371" endtime="20241118 12:01:44.371"/>
</kw>
<status status="PASS" starttime="20241118 12:01:44.371" endtime="20241118 12:01:44.371"/>
</kw>
<status status="PASS" starttime="20241118 12:01:44.370" endtime="20241118 12:01:44.371"/>
</kw>
<kw name="Input Credentials" library="resource">
<arg>pallo</arg>
<arg>kallo</arg>
<kw name="Input" library="AppLibrary">
<arg>${username}</arg>
<status status="PASS" starttime="20241118 12:01:44.371" endtime="20241118 12:01:44.371"/>
</kw>
<kw name="Input" library="AppLibrary">
<arg>${password}</arg>
<status status="PASS" starttime="20241118 12:01:44.371" endtime="20241118 12:01:44.371"/>
</kw>
<kw name="Run Application" library="AppLibrary">
<status status="PASS" starttime="20241118 12:01:44.371" endtime="20241118 12:01:44.371"/>
</kw>
<status status="PASS" starttime="20241118 12:01:44.371" endtime="20241118 12:01:44.371"/>
</kw>
<kw name="Input Login Command" library="resource">
<kw name="Input" library="AppLibrary">
<arg>login</arg>
<status status="PASS" starttime="20241118 12:01:44.371" endtime="20241118 12:01:44.371"/>
</kw>
<status status="PASS" starttime="20241118 12:01:44.371" endtime="20241118 12:01:44.371"/>
</kw>
<kw name="Output Should Contain" library="AppLibrary">
<arg>Invalid username or password</arg>
<status status="PASS" starttime="20241118 12:01:44.371" endtime="20241118 12:01:44.371"/>
</kw>
<status status="PASS" starttime="20241118 12:01:44.370" endtime="20241118 12:01:44.371"/>
</test>
<status status="PASS" starttime="20241118 12:01:44.349" endtime="20241118 12:01:44.372"/>
</suite>
<suite id="s1-s2" name="Register" source="/Users/olliterava/kandivuosi/ohjtuo2/osa3/login-robot/src/tests/register.robot">
<test id="s1-s2-t1" name="Register With Valid Username And Password" line="6">
<kw name="Input New Command And Create User" type="SETUP">
<kw name="Input New Command" library="resource">
<kw name="Input" library="AppLibrary">
<arg>new</arg>
<status status="PASS" starttime="20241118 12:01:44.373" endtime="20241118 12:01:44.373"/>
</kw>
<status status="PASS" starttime="20241118 12:01:44.373" endtime="20241118 12:01:44.373"/>
</kw>
<kw name="Create User" library="AppLibrary">
<arg>kallee</arg>
<arg>kalle12345</arg>
<status status="PASS" starttime="20241118 12:01:44.373" endtime="20241118 12:01:44.373"/>
</kw>
<status status="PASS" starttime="20241118 12:01:44.373" endtime="20241118 12:01:44.373"/>
</kw>
<kw name="Input Credentials" library="resource">
<arg>kalle</arg>
<arg>kalle1234</arg>
<kw name="Input" library="AppLibrary">
<arg>${username}</arg>
<status status="PASS" starttime="20241118 12:01:44.373" endtime="20241118 12:01:44.374"/>
</kw>
<kw name="Input" library="AppLibrary">
<arg>${password}</arg>
<status status="PASS" starttime="20241118 12:01:44.374" endtime="20241118 12:01:44.374"/>
</kw>
<kw name="Run Application" library="AppLibrary">
<status status="PASS" starttime="20241118 12:01:44.374" endtime="20241118 12:01:44.374"/>
</kw>
<status status="PASS" starttime="20241118 12:01:44.373" endtime="20241118 12:01:44.374"/>
</kw>
<kw name="Input New Command" library="resource">
<kw name="Input" library="AppLibrary">
<arg>new</arg>
<status status="PASS" starttime="20241118 12:01:44.374" endtime="20241118 12:01:44.374"/>
</kw>
<status status="PASS" starttime="20241118 12:01:44.374" endtime="20241118 12:01:44.374"/>
</kw>
<kw name="Output Should Contain" library="AppLibrary">
<arg>New user registered</arg>
<status status="PASS" starttime="20241118 12:01:44.374" endtime="20241118 12:01:44.374"/>
</kw>
<status status="PASS" starttime="20241118 12:01:44.373" endtime="20241118 12:01:44.374"/>
</test>
<test id="s1-s2-t2" name="Register With Already Taken Username And Valid Password" line="11">
<kw name="Input New Command And Create User" type="SETUP">
<kw name="Input New Command" library="resource">
<kw name="Input" library="AppLibrary">
<arg>new</arg>
<status status="PASS" starttime="20241118 12:01:44.374" endtime="20241118 12:01:44.374"/>
</kw>
<status status="PASS" starttime="20241118 12:01:44.374" endtime="20241118 12:01:44.375"/>
</kw>
<kw name="Create User" library="AppLibrary">
<arg>kallee</arg>
<arg>kalle12345</arg>
<status status="PASS" starttime="20241118 12:01:44.375" endtime="20241118 12:01:44.375"/>
</kw>
<status status="PASS" starttime="20241118 12:01:44.374" endtime="20241118 12:01:44.375"/>
</kw>
<kw name="Input Credentials" library="resource">
<arg>kallee</arg>
<arg>kalle1234</arg>
<kw name="Input" library="AppLibrary">
<arg>${username}</arg>
<status status="PASS" starttime="20241118 12:01:44.375" endtime="20241118 12:01:44.375"/>
</kw>
<kw name="Input" library="AppLibrary">
<arg>${password}</arg>
<status status="PASS" starttime="20241118 12:01:44.375" endtime="20241118 12:01:44.375"/>
</kw>
<kw name="Run Application" library="AppLibrary">
<status status="PASS" starttime="20241118 12:01:44.375" endtime="20241118 12:01:44.375"/>
</kw>
<status status="PASS" starttime="20241118 12:01:44.375" endtime="20241118 12:01:44.375"/>
</kw>
<kw name="Input New Command" library="resource">
<kw name="Input" library="AppLibrary">
<arg>new</arg>
<status status="PASS" starttime="20241118 12:01:44.375" endtime="20241118 12:01:44.375"/>
</kw>
<status status="PASS" starttime="20241118 12:01:44.375" endtime="20241118 12:01:44.375"/>
</kw>
<kw name="Output Should Contain" library="AppLibrary">
<arg>Username already taken</arg>
<status status="PASS" starttime="20241118 12:01:44.375" endtime="20241118 12:01:44.375"/>
</kw>
<status status="PASS" starttime="20241118 12:01:44.374" endtime="20241118 12:01:44.375"/>
</test>
<test id="s1-s2-t3" name="Register With Too Short Username And Valid Password" line="16">
<kw name="Input New Command And Create User" type="SETUP">
<kw name="Input New Command" library="resource">
<kw name="Input" library="AppLibrary">
<arg>new</arg>
<status status="PASS" starttime="20241118 12:01:44.376" endtime="20241118 12:01:44.376"/>
</kw>
<status status="PASS" starttime="20241118 12:01:44.376" endtime="20241118 12:01:44.376"/>
</kw>
<kw name="Create User" library="AppLibrary">
<arg>kallee</arg>
<arg>kalle12345</arg>
<status status="PASS" starttime="20241118 12:01:44.376" endtime="20241118 12:01:44.376"/>
</kw>
<status status="PASS" starttime="20241118 12:01:44.376" endtime="20241118 12:01:44.376"/>
</kw>
<kw name="Input Credentials" library="resource">
<arg>as</arg>
<arg>kalle1234</arg>
<kw name="Input" library="AppLibrary">
<arg>${username}</arg>
<status status="PASS" starttime="20241118 12:01:44.376" endtime="20241118 12:01:44.376"/>
</kw>
<kw name="Input" library="AppLibrary">
<arg>${password}</arg>
<status status="PASS" starttime="20241118 12:01:44.376" endtime="20241118 12:01:44.376"/>
</kw>
<kw name="Run Application" library="AppLibrary">
<status status="PASS" starttime="20241118 12:01:44.377" endtime="20241118 12:01:44.377"/>
</kw>
<status status="PASS" starttime="20241118 12:01:44.376" endtime="20241118 12:01:44.377"/>
</kw>
<kw name="Input New Command" library="resource">
<kw name="Input" library="AppLibrary">
<arg>new</arg>
<status status="PASS" starttime="20241118 12:01:44.377" endtime="20241118 12:01:44.377"/>
</kw>
<status status="PASS" starttime="20241118 12:01:44.377" endtime="20241118 12:01:44.377"/>
</kw>
<kw name="Output Should Contain" library="AppLibrary">
<arg>Username must be at least 3 characters long</arg>
<status status="PASS" starttime="20241118 12:01:44.377" endtime="20241118 12:01:44.377"/>
</kw>
<status status="PASS" starttime="20241118 12:01:44.375" endtime="20241118 12:01:44.377"/>
</test>
<test id="s1-s2-t4" name="Register With Enough Long But Invalid Username And Valid Password" line="21">
<kw name="Input New Command And Create User" type="SETUP">
<kw name="Input New Command" library="resource">
<kw name="Input" library="AppLibrary">
<arg>new</arg>
<status status="PASS" starttime="20241118 12:01:44.377" endtime="20241118 12:01:44.377"/>
</kw>
<status status="PASS" starttime="20241118 12:01:44.377" endtime="20241118 12:01:44.377"/>
</kw>
<kw name="Create User" library="AppLibrary">
<arg>kallee</arg>
<arg>kalle12345</arg>
<status status="PASS" starttime="20241118 12:01:44.377" endtime="20241118 12:01:44.377"/>
</kw>
<status status="PASS" starttime="20241118 12:01:44.377" endtime="20241118 12:01:44.377"/>
</kw>
<kw name="Input Credentials" library="resource">
<arg>as_*Ä":Ad;$@©∞|[]</arg>
<arg>kalle1234</arg>
<kw name="Input" library="AppLibrary">
<arg>${username}</arg>
<status status="PASS" starttime="20241118 12:01:44.378" endtime="20241118 12:01:44.378"/>
</kw>
<kw name="Input" library="AppLibrary">
<arg>${password}</arg>
<status status="PASS" starttime="20241118 12:01:44.378" endtime="20241118 12:01:44.378"/>
</kw>
<kw name="Run Application" library="AppLibrary">
<status status="PASS" starttime="20241118 12:01:44.378" endtime="20241118 12:01:44.378"/>
</kw>
<status status="PASS" starttime="20241118 12:01:44.377" endtime="20241118 12:01:44.378"/>
</kw>
<kw name="Input New Command" library="resource">
<kw name="Input" library="AppLibrary">
<arg>new</arg>
<status status="PASS" starttime="20241118 12:01:44.378" endtime="20241118 12:01:44.378"/>
</kw>
<status status="PASS" starttime="20241118 12:01:44.378" endtime="20241118 12:01:44.378"/>
</kw>
<kw name="Output Should Contain" library="AppLibrary">
<arg>Username contains invalid characters</arg>
<status status="PASS" starttime="20241118 12:01:44.378" endtime="20241118 12:01:44.378"/>
</kw>
<status status="PASS" starttime="20241118 12:01:44.377" endtime="20241118 12:01:44.378"/>
</test>
<test id="s1-s2-t5" name="Register With Valid Username And Too Short Password" line="26">
<kw name="Input New Command And Create User" type="SETUP">
<kw name="Input New Command" library="resource">
<kw name="Input" library="AppLibrary">
<arg>new</arg>
<status status="PASS" starttime="20241118 12:01:44.379" endtime="20241118 12:01:44.379"/>
</kw>
<status status="PASS" starttime="20241118 12:01:44.378" endtime="20241118 12:01:44.379"/>
</kw>
<kw name="Create User" library="AppLibrary">
<arg>kallee</arg>
<arg>kalle12345</arg>
<status status="PASS" starttime="20241118 12:01:44.379" endtime="20241118 12:01:44.379"/>
</kw>
<status status="PASS" starttime="20241118 12:01:44.378" endtime="20241118 12:01:44.379"/>
</kw>
<kw name="Input Credentials" library="resource">
<arg>uudestaan</arg>
<arg>kale12</arg>
<kw name="Input" library="AppLibrary">
<arg>${username}</arg>
<status status="PASS" starttime="20241118 12:01:44.379" endtime="20241118 12:01:44.379"/>
</kw>
<kw name="Input" library="AppLibrary">
<arg>${password}</arg>
<status status="PASS" starttime="20241118 12:01:44.379" endtime="20241118 12:01:44.379"/>
</kw>
<kw name="Run Application" library="AppLibrary">
<status status="PASS" starttime="20241118 12:01:44.379" endtime="20241118 12:01:44.379"/>
</kw>
<status status="PASS" starttime="20241118 12:01:44.379" endtime="20241118 12:01:44.379"/>
</kw>
<kw name="Input New Command" library="resource">
<kw name="Input" library="AppLibrary">
<arg>new</arg>
<status status="PASS" starttime="20241118 12:01:44.379" endtime="20241118 12:01:44.379"/>
</kw>
<status status="PASS" starttime="20241118 12:01:44.379" endtime="20241118 12:01:44.379"/>
</kw>
<kw name="Output Should Contain" library="AppLibrary">
<arg>Password must be at least 8 characters long</arg>
<status status="PASS" starttime="20241118 12:01:44.379" endtime="20241118 12:01:44.379"/>
</kw>
<status status="PASS" starttime="20241118 12:01:44.378" endtime="20241118 12:01:44.379"/>
</test>
<test id="s1-s2-t6" name="Register With Valid Username And Long Enough Password Containing Only Letters" line="31">
<kw name="Input New Command And Create User" type="SETUP">
<kw name="Input New Command" library="resource">
<kw name="Input" library="AppLibrary">
<arg>new</arg>
<status status="PASS" starttime="20241118 12:01:44.380" endtime="20241118 12:01:44.380"/>
</kw>
<status status="PASS" starttime="20241118 12:01:44.380" endtime="20241118 12:01:44.380"/>
</kw>
<kw name="Create User" library="AppLibrary">
<arg>kallee</arg>
<arg>kalle12345</arg>
<status status="PASS" starttime="20241118 12:01:44.380" endtime="20241118 12:01:44.380"/>
</kw>
<status status="PASS" starttime="20241118 12:01:44.380" endtime="20241118 12:01:44.380"/>
</kw>
<kw name="Input Credentials" library="resource">
<arg>uudestaan</arg>
<arg>kalleeeeee</arg>
<kw name="Input" library="AppLibrary">
<arg>${username}</arg>
<status status="PASS" starttime="20241118 12:01:44.380" endtime="20241118 12:01:44.380"/>
</kw>
<kw name="Input" library="AppLibrary">
<arg>${password}</arg>
<status status="PASS" starttime="20241118 12:01:44.380" endtime="20241118 12:01:44.380"/>
</kw>
<kw name="Run Application" library="AppLibrary">
<status status="PASS" starttime="20241118 12:01:44.380" endtime="20241118 12:01:44.380"/>
</kw>
<status status="PASS" starttime="20241118 12:01:44.380" endtime="20241118 12:01:44.380"/>
</kw>
<kw name="Input New Command" library="resource">
<kw name="Input" library="AppLibrary">
<arg>new</arg>
<status status="PASS" starttime="20241118 12:01:44.381" endtime="20241118 12:01:44.381"/>
</kw>
<status status="PASS" starttime="20241118 12:01:44.380" endtime="20241118 12:01:44.381"/>
</kw>
<kw name="Output Should Contain" library="AppLibrary">
<arg>Password must include numbers or special characters</arg>
<status status="PASS" starttime="20241118 12:01:44.381" endtime="20241118 12:01:44.381"/>
</kw>
<status status="PASS" starttime="20241118 12:01:44.379" endtime="20241118 12:01:44.381"/>
</test>
<status status="PASS" starttime="20241118 12:01:44.372" endtime="20241118 12:01:44.381"/>
</suite>
<status status="PASS" starttime="20241118 12:01:44.329" endtime="20241118 12:01:44.381"/>
</suite>
<statistics>
<total>
<stat pass="9" fail="0" skip="0">All Tests</stat>
</total>
<tag>
</tag>
<suite>
<stat pass="9" fail="0" skip="0" id="s1" name="Tests">Tests</stat>
<stat pass="3" fail="0" skip="0" id="s1-s1" name="Login">Tests.Login</stat>
<stat pass="6" fail="0" skip="0" id="s1-s2" name="Register">Tests.Register</stat>
</suite>
</statistics>
<errors>
</errors>
</robot>
