<?xml version="1.0" encoding="UTF-8"?>
<robot generator="Robot 6.1.1 (Python 3.13.0 on darwin)" generated="20241118 11:58:36.765" rpa="false" schemaversion="4">
<suite id="s1" name="Login" source="/Users/olliterava/kandivuosi/ohjtuo2/osa3/login-robot/src/tests/login.robot">
<test id="s1-t1" name="Login With Correct Credentials" line="6">
<kw name="Create User And Input Login Command" type="SETUP">
<kw name="Create User" library="AppLibrary">
<arg>kalle</arg>
<arg>kalle123</arg>
<status status="PASS" starttime="20241118 11:58:36.807" endtime="20241118 11:58:36.807"/>
</kw>
<kw name="Input Login Command" library="resource">
<kw name="Input" library="AppLibrary">
<arg>login</arg>
<status status="PASS" starttime="20241118 11:58:36.807" endtime="20241118 11:58:36.807"/>
</kw>
<status status="PASS" starttime="20241118 11:58:36.807" endtime="20241118 11:58:36.807"/>
</kw>
<status status="PASS" starttime="20241118 11:58:36.807" endtime="20241118 11:58:36.807"/>
</kw>
<kw name="Input Credentials" library="resource">
<arg>kalle</arg>
<arg>kalle123</arg>
<kw name="Input" library="AppLibrary">
<arg>${username}</arg>
<status status="PASS" starttime="20241118 11:58:36.808" endtime="20241118 11:58:36.808"/>
</kw>
<kw name="Input" library="AppLibrary">
<arg>${password}</arg>
<status status="PASS" starttime="20241118 11:58:36.808" endtime="20241118 11:58:36.808"/>
</kw>
<kw name="Run Application" library="AppLibrary">
<status status="PASS" starttime="20241118 11:58:36.808" endtime="20241118 12:00:00.089"/>
</kw>
<status status="PASS" starttime="20241118 11:58:36.807" endtime="20241118 12:00:00.090"/>
</kw>
<kw name="Output Should Contain" library="AppLibrary">
<arg>Logged in</arg>
<msg timestamp="20241118 12:00:00.092" level="FAIL">Output "Logged in" is not in ['']</msg>
<status status="FAIL" starttime="20241118 12:00:00.091" endtime="20241118 12:00:00.096"/>
</kw>
<status status="FAIL" starttime="20241118 11:58:36.806" endtime="20241118 12:00:00.097">Output "Logged in" is not in ['']</status>
</test>
<status status="FAIL" starttime="20241118 11:58:36.767" endtime="20241118 12:00:00.098"/>
</suite>
<statistics>
<total>
<stat pass="0" fail="1" skip="0">All Tests</stat>
</total>
<tag>
</tag>
<suite>
<stat pass="0" fail="1" skip="0" id="s1" name="Login">Login</stat>
</suite>
</statistics>
<errors>
</errors>
</robot>
